action: GLOB, msg: packaging
cwd: C:\HUXProjects\hux-unified\scripts
cmd: 'c:\program files\python37\python.exe' setup.py sdist --formats=zip --dist-dir '.tox\dist'
running sdist
running egg_info
writing UNKNOWN.egg-info\PKG-INFO
writing dependency_links to UNKNOWN.egg-info\dependency_links.txt
writing top-level names to UNKNOWN.egg-info\top_level.txt
reading manifest file 'UNKNOWN.egg-info\SOURCES.txt'
writing manifest file 'UNKNOWN.egg-info\SOURCES.txt'
c:\program files\python37\lib\distutils\dist.py:274: UserWarning: Unknown distribution option: 'use_scm_version'
  warnings.warn(msg)
warning: sdist: standard file not found: should have one of README, README.rst, README.txt, README.md

running check
warning: Check: missing required meta-data: name, url

warning: Check: missing meta-data: either (author and author_email) or (maintainer and maintainer_email) must be supplied

creating UNKNOWN-0.0.0
creating UNKNOWN-0.0.0\UNKNOWN.egg-info
creating UNKNOWN-0.0.0\database
creating UNKNOWN-0.0.0\database\tests
copying files to UNKNOWN-0.0.0...
copying pyproject.toml -> UNKNOWN-0.0.0
copying setup.py -> UNKNOWN-0.0.0
copying UNKNOWN.egg-info\PKG-INFO -> UNKNOWN-0.0.0\UNKNOWN.egg-info
copying UNKNOWN.egg-info\SOURCES.txt -> UNKNOWN-0.0.0\UNKNOWN.egg-info
copying UNKNOWN.egg-info\dependency_links.txt -> UNKNOWN-0.0.0\UNKNOWN.egg-info
copying UNKNOWN.egg-info\top_level.txt -> UNKNOWN-0.0.0\UNKNOWN.egg-info
copying database\README.md -> UNKNOWN-0.0.0\database
copying database\create_database_indexes.py -> UNKNOWN-0.0.0\database
copying database\mongo_db_test.py -> UNKNOWN-0.0.0\database
copying database\prepopulate_database.py -> UNKNOWN-0.0.0\database
copying database\set_database_constants.py -> UNKNOWN-0.0.0\database
copying database\share.py -> UNKNOWN-0.0.0\database
copying database\tests\__init__.py -> UNKNOWN-0.0.0\database\tests
copying database\tests\test_create_database_indexes.py -> UNKNOWN-0.0.0\database\tests
copying database\tests\test_prepopulate_database.py -> UNKNOWN-0.0.0\database\tests
Writing UNKNOWN-0.0.0\setup.cfg
creating '.tox\dist\UNKNOWN-0.0.0.zip' and adding 'UNKNOWN-0.0.0' to it
adding 'UNKNOWN-0.0.0'
adding 'UNKNOWN-0.0.0\database'
adding 'UNKNOWN-0.0.0\UNKNOWN.egg-info'
adding 'UNKNOWN-0.0.0\PKG-INFO'
adding 'UNKNOWN-0.0.0\pyproject.toml'
adding 'UNKNOWN-0.0.0\setup.cfg'
adding 'UNKNOWN-0.0.0\setup.py'
adding 'UNKNOWN-0.0.0\database\tests'
adding 'UNKNOWN-0.0.0\database\create_database_indexes.py'
adding 'UNKNOWN-0.0.0\database\mongo_db_test.py'
adding 'UNKNOWN-0.0.0\database\prepopulate_database.py'
adding 'UNKNOWN-0.0.0\database\README.md'
adding 'UNKNOWN-0.0.0\database\set_database_constants.py'
adding 'UNKNOWN-0.0.0\database\share.py'
adding 'UNKNOWN-0.0.0\database\tests\test_create_database_indexes.py'
adding 'UNKNOWN-0.0.0\database\tests\test_prepopulate_database.py'
adding 'UNKNOWN-0.0.0\database\tests\__init__.py'
adding 'UNKNOWN-0.0.0\UNKNOWN.egg-info\dependency_links.txt'
adding 'UNKNOWN-0.0.0\UNKNOWN.egg-info\PKG-INFO'
adding 'UNKNOWN-0.0.0\UNKNOWN.egg-info\SOURCES.txt'
adding 'UNKNOWN-0.0.0\UNKNOWN.egg-info\top_level.txt'
removing 'UNKNOWN-0.0.0' (and everything under it)
